<?xml version="1.0" encoding="UTF-8"?>
<!-- Generated by org.testng.reporters.JUnitXMLReporter -->
<testsuite hostname="AlinU" name="Command line test" tests="1" failures="1" timestamp="10 Oct 2016 13:32:32 GMT" time="0.01" errors="0">
  <testcase name="loginTest" time="0.0" classname="Tests.LoginTest">
    <failure type="java.lang.NullPointerException">
      <![CDATA[java.lang.NullPointerException
	at Tests.LoginTest.loginTest(LoginTest.java:22)
... Removed 34 stack frames]]>
    </failure>
  </testcase> <!-- loginTest -->
</testsuite> <!-- Command line test -->
