<?xml version="1.0" encoding="UTF-8"?>
<!-- Generated by org.testng.reporters.JUnitXMLReporter -->
<testsuite hostname="AlinU" name="Command line test" tests="2" failures="1" timestamp="10 Oct 2016 13:46:43 GMT" time="10.577" errors="0">
  <testcase name="loginTest" time="10.565" classname="Tests.LoginTest"/>
  <testcase name="loginTest2" time="0.0" classname="Tests.LoginTest2">
    <failure type="java.lang.NullPointerException">
      <![CDATA[java.lang.NullPointerException
	at Tests.LoginTest2.loginTest2(LoginTest2.java:20)
... Removed 34 stack frames]]>
    </failure>
  </testcase> <!-- loginTest2 -->
</testsuite> <!-- Command line test -->
