<?xml version="1.0" encoding="UTF-8"?>
<testng-results skipped="0" failed="0" total="1" passed="1">
  <reporter-output>
  </reporter-output>
  <suite name="Command line suite" duration-ms="10527" started-at="2016-10-10T13:14:09Z" finished-at="2016-10-10T13:14:20Z">
    <groups>
    </groups>
    <test name="Command line test" duration-ms="10527" started-at="2016-10-10T13:14:09Z" finished-at="2016-10-10T13:14:20Z">
      <class name="Tests.LoginTest">
        <test-method status="PASS" signature="testBeforeSuite()[pri:0, instance:Tests.LoginTest@15a191e]" name="testBeforeSuite" is-config="true" duration-ms="4203" started-at="2016-10-10T16:14:05Z" finished-at="2016-10-10T16:14:09Z">
          <reporter-output>
          </reporter-output>
        </test-method> <!-- testBeforeSuite -->
        <test-method status="PASS" signature="testBeforeTest()[pri:0, instance:Tests.LoginTest@15a191e]" name="testBeforeTest" is-config="true" duration-ms="0" started-at="2016-10-10T16:14:09Z" finished-at="2016-10-10T16:14:09Z">
          <reporter-output>
          </reporter-output>
        </test-method> <!-- testBeforeTest -->
        <test-method status="PASS" signature="loginTest()[pri:0, instance:Tests.LoginTest@15a191e]" name="loginTest" duration-ms="10520" started-at="2016-10-10T16:14:09Z" finished-at="2016-10-10T16:14:20Z">
          <reporter-output>
          </reporter-output>
        </test-method> <!-- loginTest -->
        <test-method status="PASS" signature="testAfterTest()[pri:0, instance:Tests.LoginTest@15a191e]" name="testAfterTest" is-config="true" duration-ms="0" started-at="2016-10-10T16:14:20Z" finished-at="2016-10-10T16:14:20Z">
          <reporter-output>
          </reporter-output>
        </test-method> <!-- testAfterTest -->
        <test-method status="PASS" signature="testAfterSuite()[pri:0, instance:Tests.LoginTest@15a191e]" name="testAfterSuite" is-config="true" duration-ms="792" started-at="2016-10-10T16:14:20Z" finished-at="2016-10-10T16:14:21Z">
          <reporter-output>
          </reporter-output>
        </test-method> <!-- testAfterSuite -->
      </class> <!-- Tests.LoginTest -->
    </test> <!-- Command line test -->
  </suite> <!-- Command line suite -->
</testng-results>
