-------------------------------------------------------------------------------
Test set: TestSuite
-------------------------------------------------------------------------------
Tests run: 1, Failures: 1, Errors: 0, Skipped: 0, Time elapsed: 5.046 sec <<< FAILURE!
loginTest(Tests.LoginTest)  Time elapsed: 0.004 sec  <<< FAILURE!
java.lang.NullPointerException
	at Tests.LoginTest.loginTest(LoginTest.java:22)

